# JRE version: Java(TM) SE Runtime Environment (8.0_101-b13) (build 1.8.0_101-b13)
# Java VM: Java HotSpot(TM) 64-Bit Server VM (25.101-b13 mixed mode windows-amd64 compressed oops)
Heap:
 PSYoungGen      total 566784K, used 93158K [0x000000076ab00000, 0x00000007a5780000, 0x00000007c0000000)
  eden space 473600K, 0% used [0x000000076ab00000,0x000000076ab00000,0x0000000787980000)
  from space 93184K, 99% used [0x0000000787980000,0x000000078d479958,0x000000078d480000)
  to   space 131072K, 0% used [0x000000079d780000,0x000000079d780000,0x00000007a5780000)
 ParOldGen       total 202752K, used 167695K [0x00000006c0000000, 0x00000006cc600000, 0x000000076ab00000)
  object space 202752K, 82% used [0x00000006c0000000,0x00000006ca3c3f90,0x00000006cc600000)
 Metaspace       used 6413K, capacity 7256K, committed 7424K, reserved 1056768K
  class space    used 615K, capacity 656K, committed 768K, reserved 1048576K
GC Heap History (10 events):
Event: 41.014 GC heap after
Heap after GC invocations=6 (full 0):
 PSYoungGen      total 279552K, used 27109K [0x000000076ab00000, 0x000000077ff00000, 0x00000007c0000000)
  eden space 252416K, 0% used [0x000000076ab00000,0x000000076ab00000,0x000000077a180000)
  from space 27136K, 99% used [0x000000077c980000,0x000000077e3f9660,0x000000077e400000)
  to   space 40960K, 0% used [0x000000077a180000,0x000000077a180000,0x000000077c980000)
 ParOldGen       total 87552K, used 61821K [0x00000006c0000000, 0x00000006c5580000, 0x000000076ab00000)
  object space 87552K, 70% used [0x00000006c0000000,0x00000006c3c5f708,0x00000006c5580000)
 Metaspace       used 6386K, capacity 7192K, committed 7424K, reserved 1056768K
  class space    used 612K, capacity 656K, committed 768K, reserved 1048576K
}
Event: 41.925 GC heap before
{Heap before GC invocations=7 (full 0):
 PSYoungGen      total 279552K, used 279525K [0x000000076ab00000, 0x000000077ff00000, 0x00000007c0000000)
  eden space 252416K, 100% used [0x000000076ab00000,0x000000077a180000,0x000000077a180000)
  from space 27136K, 99% used [0x000000077c980000,0x000000077e3f9660,0x000000077e400000)
  to   space 40960K, 0% used [0x000000077a180000,0x000000077a180000,0x000000077c980000)
 ParOldGen       total 87552K, used 61821K [0x00000006c0000000, 0x00000006c5580000, 0x000000076ab00000)
  object space 87552K, 70% used [0x00000006c0000000,0x00000006c3c5f708,0x00000006c5580000)
 Metaspace       used 6407K, capacity 7256K, committed 7424K, reserved 1056768K
  class space    used 614K, capacity 656K, committed 768K, reserved 1048576K
Event: 42.874 GC heap after
Heap after GC invocations=7 (full 0):
 PSYoungGen      total 293376K, used 40957K [0x000000076ab00000, 0x0000000793300000, 0x00000007c0000000)
  eden space 252416K, 0% used [0x000000076ab00000,0x000000076ab00000,0x000000077a180000)
  from space 40960K, 99% used [0x000000077a180000,0x000000077c97f408,0x000000077c980000)
  to   space 79360K, 0% used [0x000000078e580000,0x000000078e580000,0x0000000793300000)
 ParOldGen       total 122880K, used 122593K [0x00000006c0000000, 0x00000006c7800000, 0x000000076ab00000)
  object space 122880K, 99% used [0x00000006c0000000,0x00000006c77b8600,0x00000006c7800000)
 Metaspace       used 6407K, capacity 7256K, committed 7424K, reserved 1056768K
  class space    used 614K, capacity 656K, committed 768K, reserved 1048576K
}
Event: 42.874 GC heap before
{Heap before GC invocations=8 (full 1):
 PSYoungGen      total 293376K, used 40957K [0x000000076ab00000, 0x0000000793300000, 0x00000007c0000000)
  eden space 252416K, 0% used [0x000000076ab00000,0x000000076ab00000,0x000000077a180000)
  from space 40960K, 99% used [0x000000077a180000,0x000000077c97f408,0x000000077c980000)
  to   space 79360K, 0% used [0x000000078e580000,0x000000078e580000,0x0000000793300000)
 ParOldGen       total 122880K, used 122593K [0x00000006c0000000, 0x00000006c7800000, 0x000000076ab00000)
  object space 122880K, 99% used [0x00000006c0000000,0x00000006c77b8600,0x00000006c7800000)
 Metaspace       used 6407K, capacity 7256K, committed 7424K, reserved 1056768K
  class space    used 614K, capacity 656K, committed 768K, reserved 1048576K
Event: 44.637 GC heap after
Heap after GC invocations=8 (full 1):
 PSYoungGen      total 293376K, used 0K [0x000000076ab00000, 0x0000000793300000, 0x00000007c0000000)
  eden space 252416K, 0% used [0x000000076ab00000,0x000000076ab00000,0x000000077a180000)
  from space 40960K, 0% used [0x000000077a180000,0x000000077a180000,0x000000077c980000)
  to   space 79360K, 0% used [0x000000078e580000,0x000000078e580000,0x0000000793300000)
 ParOldGen       total 202752K, used 116389K [0x00000006c0000000, 0x00000006cc600000, 0x000000076ab00000)
  object space 202752K, 57% used [0x00000006c0000000,0x00000006c71a9478,0x00000006cc600000)
 Metaspace       used 6407K, capacity 7256K, committed 7424K, reserved 1056768K
  class space    used 614K, capacity 656K, committed 768K, reserved 1048576K
}
Event: 46.365 GC heap before
{Heap before GC invocations=9 (full 1):
 PSYoungGen      total 293376K, used 252416K [0x000000076ab00000, 0x0000000793300000, 0x00000007c0000000)
  eden space 252416K, 100% used [0x000000076ab00000,0x000000077a180000,0x000000077a180000)
  from space 40960K, 0% used [0x000000077a180000,0x000000077a180000,0x000000077c980000)
  to   space 79360K, 0% used [0x000000078e580000,0x000000078e580000,0x0000000793300000)
 ParOldGen       total 202752K, used 116389K [0x00000006c0000000, 0x00000006cc600000, 0x000000076ab00000)
  object space 202752K, 57% used [0x00000006c0000000,0x00000006c71a9478,0x00000006cc600000)
 Metaspace       used 6413K, capacity 7256K, committed 7424K, reserved 1056768K
  class space    used 615K, capacity 656K, committed 768K, reserved 1048576K
Event: 47.856 GC heap after
Heap after GC invocations=9 (full 1):
 PSYoungGen      total 541184K, used 75267K [0x000000076ab00000, 0x0000000792f80000, 0x00000007c0000000)
  eden space 465408K, 0% used [0x000000076ab00000,0x000000076ab00000,0x0000000787180000)
  from space 75776K, 99% used [0x000000078e580000,0x0000000792f00c80,0x0000000792f80000)
  to   space 93184K, 0% used [0x0000000787980000,0x0000000787980000,0x000000078d480000)
 ParOldGen       total 202752K, used 116389K [0x00000006c0000000, 0x00000006cc600000, 0x000000076ab00000)
  object space 202752K, 57% used [0x00000006c0000000,0x00000006c71a9478,0x00000006cc600000)
 Metaspace       used 6413K, capacity 7256K, committed 7424K, reserved 1056768K
  class space    used 615K, capacity 656K, committed 768K, reserved 1048576K
}
Event: 50.802 GC heap before
{Heap before GC invocations=10 (full 1):
 PSYoungGen      total 541184K, used 540675K [0x000000076ab00000, 0x0000000792f80000, 0x00000007c0000000)
  eden space 465408K, 100% used [0x000000076ab00000,0x0000000787180000,0x0000000787180000)
  from space 75776K, 99% used [0x000000078e580000,0x0000000792f00c80,0x0000000792f80000)
  to   space 93184K, 0% used [0x0000000787980000,0x0000000787980000,0x000000078d480000)
 ParOldGen       total 202752K, used 116389K [0x00000006c0000000, 0x00000006cc600000, 0x000000076ab00000)
  object space 202752K, 57% used [0x00000006c0000000,0x00000006c71a9478,0x00000006cc600000)
 Metaspace       used 6413K, capacity 7256K, committed 7424K, reserved 1056768K
  class space    used 615K, capacity 656K, committed 768K, reserved 1048576K
Event: 51.599 GC heap after
Heap after GC invocations=10 (full 1):
 PSYoungGen      total 566784K, used 93158K [0x000000076ab00000, 0x00000007a5780000, 0x00000007c0000000)
  eden space 473600K, 0% used [0x000000076ab00000,0x000000076ab00000,0x0000000787980000)
  from space 93184K, 99% used [0x0000000787980000,0x000000078d479958,0x000000078d480000)
  to   space 131072K, 0% used [0x000000079d780000,0x000000079d780000,0x00000007a5780000)
 ParOldGen       total 202752K, used 167695K [0x00000006c0000000, 0x00000006cc600000, 0x000000076ab00000)
  object space 202752K, 82% used [0x00000006c0000000,0x00000006ca3c3f90,0x00000006cc600000)
 Metaspace       used 6413K, capacity 7256K, committed 7424K, reserved 1056768K
  class space    used 615K, capacity 656K, committed 768K, reserved 1048576K
}
Event: 51.599 GC heap before
{Heap before GC invocations=11 (full 2):
 PSYoungGen      total 566784K, used 93158K [0x000000076ab00000, 0x00000007a5780000, 0x00000007c0000000)
  eden space 473600K, 0% used [0x000000076ab00000,0x000000076ab00000,0x0000000787980000)
  from space 93184K, 99% used [0x0000000787980000,0x000000078d479958,0x000000078d480000)
  to   space 131072K, 0% used [0x000000079d780000,0x000000079d780000,0x00000007a5780000)
 ParOldGen       total 202752K, used 167695K [0x00000006c0000000, 0x00000006cc600000, 0x000000076ab00000)
  object space 202752K, 82% used [0x00000006c0000000,0x00000006ca3c3f90,0x00000006cc600000)
 Metaspace       used 6413K, capacity 7256K, committed 7424K, reserved 1056768K
  class space    used 615K, capacity 656K, committed 768K, reserved 1048576K

